[23:21:00] [main/WARN]: Ambiguity between arguments [teleport, destination] and [teleport, targets] with inputs: [Player, 0123, @e, dd12be42-52a9-4a91-a8a1-11c01849e498]
[23:21:00] [main/WARN]: Ambiguity between arguments [teleport, location] and [teleport, destination] with inputs: [0.1 -0.5 .9, 0 0 0]
[23:21:00] [main/WARN]: Ambiguity between arguments [teleport, location] and [teleport, targets] with inputs: [0.1 -0.5 .9, 0 0 0]
[23:21:00] [main/WARN]: Ambiguity between arguments [teleport, targets] and [teleport, destination] with inputs: [Player, 0123, dd12be42-52a9-4a91-a8a1-11c01849e498]
[23:21:00] [main/WARN]: Ambiguity between arguments [teleport, targets, location] and [teleport, targets, destination] with inputs: [0.1 -0.5 .9, 0 0 0]
[23:21:01] [Server thread/INFO]: Starting minecraft server version 1.15.2
[23:21:01] [Server thread/INFO]: Loading properties
[23:21:01] [Server thread/INFO]: Default game type: SURVIVAL
[23:21:01] [Server thread/INFO]: Generating keypair
[23:21:02] [Server thread/INFO]: Starting Minecraft server on *:25565
[23:21:02] [Server thread/INFO]: Using epoll channel type
[23:21:03] [Server thread/INFO]: Preparing level "world"
[23:21:03] [Server thread/INFO]: Reloading ResourceManager: Default
[23:21:05] [Server thread/INFO]: Loaded 6 recipes
[23:21:07] [Server thread/INFO]: Loaded 825 advancements
[23:21:32] [Server thread/INFO]: Preparing start region for dimension minecraft:overworld
[23:21:35] [Server thread/INFO]: Preparing spawn area: 0%
[23:21:35] [Server thread/INFO]: Preparing spawn area: 0%
[23:21:35] [Server thread/INFO]: Preparing spawn area: 0%
[23:21:35] [Server thread/INFO]: Preparing spawn area: 0%
[23:21:35] [Server thread/INFO]: Preparing spawn area: 0%
[23:21:35] [Server thread/INFO]: Preparing spawn area: 0%
[23:21:35] [Server thread/INFO]: Preparing spawn area: 0%
[23:21:36] [Server thread/INFO]: Preparing spawn area: 84%
[23:21:36] [Server thread/INFO]: Time elapsed: 4146 ms
[23:21:36] [Server thread/INFO]: Done (33.685s)! For help, type "help"
[23:21:36] [Server thread/INFO]: Starting remote control listener
[23:21:36] [RCON Listener #1/INFO]: RCON running on 0.0.0.0:25575
[23:22:52] [Server thread/WARN]: Can't keep up! Is the server overloaded? Running 2014ms or 40 ticks behind
[23:22:53] [User Authenticator #1/INFO]: UUID of player bobber3 is 944b6c8d-e7ac-4f10-bbdf-4efedcd441c3
[23:22:53] [Server thread/INFO]: bobber3[/192.168.1.8:51293] logged in with entity id 238 at (190.81240338696364, 8.75, 205.4559227963939)
[23:22:53] [Server thread/INFO]: bobber3 joined the game
[23:23:02] [Server thread/INFO]: bobber3 lost connection: Disconnected
[23:23:02] [Server thread/INFO]: bobber3 left the game
[23:23:10] [Server thread/INFO]: Stopping the server
[23:23:10] [Server thread/INFO]: Stopping server
[23:23:10] [Server thread/INFO]: Saving players
[23:23:10] [Server thread/INFO]: Saving worlds
[23:23:10] [Server thread/INFO]: Saving chunks for level 'world'/minecraft:the_nether
[23:23:10] [Server thread/INFO]: ThreadedAnvilChunkStorage (DIM-1): All chunks are saved
[23:23:10] [Server thread/INFO]: Saving chunks for level 'world'/minecraft:the_end
[23:23:10] [Server thread/INFO]: ThreadedAnvilChunkStorage (DIM1): All chunks are saved
[23:23:10] [Server thread/INFO]: Saving chunks for level 'world'/minecraft:overworld
[23:23:12] [Server thread/INFO]: ThreadedAnvilChunkStorage (world): All chunks are saved
[23:23:12] [Server thread/INFO]: ThreadedAnvilChunkStorage (DIM-1): All chunks are saved
[23:23:12] [Server thread/INFO]: ThreadedAnvilChunkStorage (DIM1): All chunks are saved
[23:23:12] [Server thread/INFO]: ThreadedAnvilChunkStorage (world): All chunks are saved
